<?xml version="1.0" encoding="UTF-8"?>
<beans xmlns="http://www.springframework.org/schema/beans"
	xmlns:xsi="http://www.w3.org/2001/XMLSchema-instance" xmlns:context="http://www.springframework.org/schema/context"
	xmlns:util="http://www.springframework.org/schema/util"
	xsi:schemaLocation="http://www.springframework.org/schema/beans http://www.springframework.org/schema/beans/spring-beans-4.3.xsd
               http://www.springframework.org/schema/context http://www.springframework.org/schema/context/spring-context-4.3.xsd 
               http://www.springframework.org/schema/util http://www.springframework.org/schema/util/spring-util-4.3.xsd">

	<context:property-placeholder
		location="classpath:maven.properties,classpath:activemq.properties,classpath:test-opensrp.properties" />
	<util:properties id="couchdbProperties" location="classpath:couchdb.properties" />
	<util:properties id="opensrp" location="classpath:/test-opensrp.properties" />


	<import resource="test-persistence-postgres.xml"/>

	<context:annotation-config />

	<context:component-scan base-package="org.opensrp.domain" />
	<context:component-scan base-package="org.opensrp.repository" />
	<!-- TODO delete after removing the motech scheduling package
	<context:component-scan base-package="org.opensrp.scheduler" />  -->
	<context:component-scan base-package="org.opensrp.form" />
	<context:component-scan base-package="org.opensrp.service">
		<!--These classes are excluded to enable the context load. This is because
			EventsListener has EventsRouter as a dependency, problem is that IHandlerMapper
			in EventsRouter is an interface that has its implementation in opensrp-register
			and the module(opensrp-register) isn't a dependency of this module. -->
		<context:exclude-filter type="regex"
			expression="org.opensrp.service.formSubmission.EventsListener" />
		<context:exclude-filter type="regex"
			expression="org.opensrp.service.formSubmission.handler.EventsRouter" />

	</context:component-scan>

	<bean id="httpClient" class="org.opensrp.util.OpenSRPHttpClientFactoryBean" />

	<bean id="couchDbInstance" class="org.ektorp.impl.StdCouchDbInstance">
		<constructor-arg ref="httpClient" />
	</bean>

	<bean id="opensrpDatabaseConnector" class="org.ektorp.impl.StdCouchDbConnector">
		<constructor-arg value="${couchdb.db.opensrp}" />
		<constructor-arg ref="couchDbInstance" />
	</bean>
	<bean id="opensrpMCTSDatabaseConnector" class="org.ektorp.impl.StdCouchDbConnector">
		<constructor-arg value="${couchdb.db.mcts}" />
		<constructor-arg ref="couchDbInstance" />
	</bean>

	<bean id="opensrpErrorTraceDatabaseConnector" class="org.ektorp.impl.StdCouchDbConnector">
		<constructor-arg value="${couchdb.db.error}" />
		<constructor-arg ref="couchDbInstance" />
	</bean>

	 <bean id="opensrpFormDatabaseConnector" class="org.ektorp.impl.StdCouchDbConnector">
        <constructor-arg value="${couchdb.db.form}"/>
        <constructor-arg ref="couchDbInstance"/>
    </bean>

	<alias name="${multimedia_file_manager}" alias="multimedia_file_manager"/>
</beans>
